# JRE version: OpenJDK Runtime Environment Temurin-17.0.9+9 (17.0.9+9) (build 17.0.9+9)
# Java VM: OpenJDK 64-Bit Server VM Temurin-17.0.9+9 (17.0.9+9, mixed mode, emulated-client, tiered, compressed oops, compressed class ptrs, g1 gc, windows-amd64)
GC Precious Log:
 CPUs: 8 total, 8 available
 Memory: 8071M
 Large Page Support: Disabled
 NUMA Support: Disabled
 Compressed Oops: Enabled (32-bit)
 Heap Region Size: 1M
 Heap Min Capacity: 8M
 Heap Initial Capacity: 128M
 Heap Max Capacity: 1G
 Pre-touch: Disabled
 Parallel Workers: 8
 Concurrent Workers: 2
 Concurrent Refinement Workers: 8
 Periodic GC: Disabled
Heap:
 garbage-first heap   total 116736K, used 33730K [0x00000000c0000000, 0x0000000100000000)
  region size 1024K, 1 young (1024K), 0 survivors (0K)
 Metaspace       used 62854K, committed 63424K, reserved 1114112K
  class space    used 7535K, committed 7744K, reserved 1048576K
GC Heap History (20 events):
Event: 19609.388 GC heap before
{Heap before GC invocations=1270 (full 1217):
 garbage-first heap   total 116736K, used 33730K [0x00000000c0000000, 0x0000000100000000)
  region size 1024K, 1 young (1024K), 0 survivors (0K)
 Metaspace       used 62854K, committed 63424K, reserved 1114112K
  class space    used 7535K, committed 7744K, reserved 1048576K
}
Event: 19609.433 GC heap after
{Heap after GC invocations=1271 (full 1218):
 garbage-first heap   total 116736K, used 33730K [0x00000000c0000000, 0x0000000100000000)
  region size 1024K, 0 young (0K), 0 survivors (0K)
 Metaspace       used 62854K, committed 63424K, reserved 1114112K
  class space    used 7535K, committed 7744K, reserved 1048576K
}
Event: 19619.583 GC heap before
{Heap before GC invocations=1271 (full 1218):
 garbage-first heap   total 116736K, used 33730K [0x00000000c0000000, 0x0000000100000000)
  region size 1024K, 1 young (1024K), 0 survivors (0K)
 Metaspace       used 62854K, committed 63424K, reserved 1114112K
  class space    used 7535K, committed 7744K, reserved 1048576K
}
Event: 19619.627 GC heap after
{Heap after GC invocations=1272 (full 1219):
 garbage-first heap   total 116736K, used 33730K [0x00000000c0000000, 0x0000000100000000)
  region size 1024K, 0 young (0K), 0 survivors (0K)
 Metaspace       used 62854K, committed 63424K, reserved 1114112K
  class space    used 7535K, committed 7744K, reserved 1048576K
}
Event: 19629.851 GC heap before
{Heap before GC invocations=1272 (full 1219):
 garbage-first heap   total 116736K, used 33730K [0x00000000c0000000, 0x0000000100000000)
  region size 1024K, 1 young (1024K), 0 survivors (0K)
 Metaspace       used 62854K, committed 63424K, reserved 1114112K
  class space    used 7535K, committed 7744K, reserved 1048576K
}
Event: 19629.920 GC heap after
{Heap after GC invocations=1273 (full 1220):
 garbage-first heap   total 116736K, used 33730K [0x00000000c0000000, 0x0000000100000000)
  region size 1024K, 0 young (0K), 0 survivors (0K)
 Metaspace       used 62854K, committed 63424K, reserved 1114112K
  class space    used 7535K, committed 7744K, reserved 1048576K
}
Event: 19640.072 GC heap before
{Heap before GC invocations=1273 (full 1220):
 garbage-first heap   total 116736K, used 33730K [0x00000000c0000000, 0x0000000100000000)
  region size 1024K, 1 young (1024K), 0 survivors (0K)
 Metaspace       used 62854K, committed 63424K, reserved 1114112K
  class space    used 7535K, committed 7744K, reserved 1048576K
}
Event: 19640.122 GC heap after
{Heap after GC invocations=1274 (full 1221):
 garbage-first heap   total 116736K, used 33730K [0x00000000c0000000, 0x0000000100000000)
  region size 1024K, 0 young (0K), 0 survivors (0K)
 Metaspace       used 62854K, committed 63424K, reserved 1114112K
  class space    used 7535K, committed 7744K, reserved 1048576K
}
Event: 19650.326 GC heap before
{Heap before GC invocations=1274 (full 1221):
 garbage-first heap   total 116736K, used 33730K [0x00000000c0000000, 0x0000000100000000)
  region size 1024K, 1 young (1024K), 0 survivors (0K)
 Metaspace       used 62854K, committed 63424K, reserved 1114112K
  class space    used 7535K, committed 7744K, reserved 1048576K
}
Event: 19650.378 GC heap after
{Heap after GC invocations=1275 (full 1222):
 garbage-first heap   total 116736K, used 33730K [0x00000000c0000000, 0x0000000100000000)
  region size 1024K, 0 young (0K), 0 survivors (0K)
 Metaspace       used 62854K, committed 63424K, reserved 1114112K
  class space    used 7535K, committed 7744K, reserved 1048576K
}
Event: 19660.544 GC heap before
{Heap before GC invocations=1275 (full 1222):
 garbage-first heap   total 116736K, used 33730K [0x00000000c0000000, 0x0000000100000000)
  region size 1024K, 1 young (1024K), 0 survivors (0K)
 Metaspace       used 62854K, committed 63424K, reserved 1114112K
  class space    used 7535K, committed 7744K, reserved 1048576K
}
Event: 19660.592 GC heap after
{Heap after GC invocations=1276 (full 1223):
 garbage-first heap   total 116736K, used 33730K [0x00000000c0000000, 0x0000000100000000)
  region size 1024K, 0 young (0K), 0 survivors (0K)
 Metaspace       used 62854K, committed 63424K, reserved 1114112K
  class space    used 7535K, committed 7744K, reserved 1048576K
}
Event: 19670.740 GC heap before
{Heap before GC invocations=1276 (full 1223):
 garbage-first heap   total 116736K, used 33730K [0x00000000c0000000, 0x0000000100000000)
  region size 1024K, 1 young (1024K), 0 survivors (0K)
 Metaspace       used 62854K, committed 63424K, reserved 1114112K
  class space    used 7535K, committed 7744K, reserved 1048576K
}
Event: 19670.781 GC heap after
{Heap after GC invocations=1277 (full 1224):
 garbage-first heap   total 116736K, used 33730K [0x00000000c0000000, 0x0000000100000000)
  region size 1024K, 0 young (0K), 0 survivors (0K)
 Metaspace       used 62854K, committed 63424K, reserved 1114112K
  class space    used 7535K, committed 7744K, reserved 1048576K
}
Event: 19680.930 GC heap before
{Heap before GC invocations=1277 (full 1224):
 garbage-first heap   total 116736K, used 33730K [0x00000000c0000000, 0x0000000100000000)
  region size 1024K, 1 young (1024K), 0 survivors (0K)
 Metaspace       used 62854K, committed 63424K, reserved 1114112K
  class space    used 7535K, committed 7744K, reserved 1048576K
}
Event: 19680.969 GC heap after
{Heap after GC invocations=1278 (full 1225):
 garbage-first heap   total 116736K, used 33730K [0x00000000c0000000, 0x0000000100000000)
  region size 1024K, 0 young (0K), 0 survivors (0K)
 Metaspace       used 62854K, committed 63424K, reserved 1114112K
  class space    used 7535K, committed 7744K, reserved 1048576K
}
Event: 19691.112 GC heap before
{Heap before GC invocations=1278 (full 1225):
 garbage-first heap   total 116736K, used 33730K [0x00000000c0000000, 0x0000000100000000)
  region size 1024K, 1 young (1024K), 0 survivors (0K)
 Metaspace       used 62854K, committed 63424K, reserved 1114112K
  class space    used 7535K, committed 7744K, reserved 1048576K
}
Event: 19691.155 GC heap after
{Heap after GC invocations=1279 (full 1226):
 garbage-first heap   total 116736K, used 33730K [0x00000000c0000000, 0x0000000100000000)
  region size 1024K, 0 young (0K), 0 survivors (0K)
 Metaspace       used 62854K, committed 63424K, reserved 1114112K
  class space    used 7535K, committed 7744K, reserved 1048576K
}
Event: 19701.295 GC heap before
{Heap before GC invocations=1279 (full 1226):
 garbage-first heap   total 116736K, used 33730K [0x00000000c0000000, 0x0000000100000000)
  region size 1024K, 1 young (1024K), 0 survivors (0K)
 Metaspace       used 62854K, committed 63424K, reserved 1114112K
  class space    used 7535K, committed 7744K, reserved 1048576K
}
Event: 19701.337 GC heap after
{Heap after GC invocations=1280 (full 1227):
 garbage-first heap   total 116736K, used 33730K [0x00000000c0000000, 0x0000000100000000)
  region size 1024K, 0 young (0K), 0 survivors (0K)
 Metaspace       used 62854K, committed 63424K, reserved 1114112K
  class space    used 7535K, committed 7744K, reserved 1048576K
}

