<?xml version="1.0" encoding="UTF-8"?>
<testsuite xmlns:xsi="http://www.w3.org/2001/XMLSchema-instance" xsi:noNamespaceSchemaLocation="https://maven.apache.org/surefire/maven-surefire-plugin/xsd/surefire-test-report-3.0.xsd" version="3.0" name="com.zettamine.ut.services.PalindromeCheckTest" time="0.07" tests="4" errors="0" skipped="0" failures="0">
  <properties>
[...]
</properties>
  <testcase name="testInfomations(TestInfo)" classname="com.zettamine.ut.services.PalindromeCheckTest" time="0.027">
    <system-out><![CDATA[Test Case Name = com.zettamine.ut.services.PalindromeCheckTest
Test Method Name = testInfomations()
Display Name : TEST
]]></system-out>
  </testcase>
  <testcase name="testIsPalindrome" classname="com.zettamine.ut.services.PalindromeCheckTest" time="0.008"/>
  <testcase name="testIsPalindrome1" classname="com.zettamine.ut.services.PalindromeCheckTest" time="0.001"/>
  <testcase name="testIsPalindrome2" classname="com.zettamine.ut.services.PalindromeCheckTest" time="0.002"/>
</testsuite>