# JRE version: OpenJDK Runtime Environment Temurin-17.0.9+9 (17.0.9+9) (build 17.0.9+9)
# Java VM: OpenJDK 64-Bit Server VM Temurin-17.0.9+9 (17.0.9+9, mixed mode, emulated-client, tiered, compressed oops, compressed class ptrs, g1 gc, windows-amd64)
GC Precious Log:
 CPUs: 8 total, 8 available
 Memory: 8071M
 Large Page Support: Disabled
 NUMA Support: Disabled
 Compressed Oops: Enabled (32-bit)
 Heap Region Size: 1M
 Heap Min Capacity: 8M
 Heap Initial Capacity: 128M
 Heap Max Capacity: 1G
 Pre-touch: Disabled
 Parallel Workers: 8
 Concurrent Workers: 2
 Concurrent Refinement Workers: 8
 Periodic GC: Disabled
Heap:
 garbage-first heap   total 171008K, used 50150K [0x00000000c0000000, 0x0000000100000000)
  region size 1024K, 1 young (1024K), 0 survivors (0K)
 Metaspace       used 64159K, committed 64704K, reserved 1114112K
  class space    used 7786K, committed 8000K, reserved 1048576K
GC Heap History (20 events):
Event: 18300.118 GC heap before
{Heap before GC invocations=1441 (full 877):
 garbage-first heap   total 171008K, used 50216K [0x00000000c0000000, 0x0000000100000000)
  region size 1024K, 1 young (1024K), 0 survivors (0K)
 Metaspace       used 64159K, committed 64704K, reserved 1114112K
  class space    used 7786K, committed 8000K, reserved 1048576K
}
Event: 18300.154 GC heap after
{Heap after GC invocations=1442 (full 878):
 garbage-first heap   total 171008K, used 50216K [0x00000000c0000000, 0x0000000100000000)
  region size 1024K, 0 young (0K), 0 survivors (0K)
 Metaspace       used 64159K, committed 64704K, reserved 1114112K
  class space    used 7786K, committed 8000K, reserved 1048576K
}
Event: 18310.290 GC heap before
{Heap before GC invocations=1442 (full 878):
 garbage-first heap   total 171008K, used 50216K [0x00000000c0000000, 0x0000000100000000)
  region size 1024K, 1 young (1024K), 0 survivors (0K)
 Metaspace       used 64159K, committed 64704K, reserved 1114112K
  class space    used 7786K, committed 8000K, reserved 1048576K
}
Event: 18310.332 GC heap after
{Heap after GC invocations=1443 (full 879):
 garbage-first heap   total 171008K, used 50150K [0x00000000c0000000, 0x0000000100000000)
  region size 1024K, 0 young (0K), 0 survivors (0K)
 Metaspace       used 64159K, committed 64704K, reserved 1114112K
  class space    used 7786K, committed 8000K, reserved 1048576K
}
Event: 18320.471 GC heap before
{Heap before GC invocations=1443 (full 879):
 garbage-first heap   total 171008K, used 50150K [0x00000000c0000000, 0x0000000100000000)
  region size 1024K, 1 young (1024K), 0 survivors (0K)
 Metaspace       used 64159K, committed 64704K, reserved 1114112K
  class space    used 7786K, committed 8000K, reserved 1048576K
}
Event: 18320.513 GC heap after
{Heap after GC invocations=1444 (full 880):
 garbage-first heap   total 171008K, used 50150K [0x00000000c0000000, 0x0000000100000000)
  region size 1024K, 0 young (0K), 0 survivors (0K)
 Metaspace       used 64159K, committed 64704K, reserved 1114112K
  class space    used 7786K, committed 8000K, reserved 1048576K
}
Event: 18330.637 GC heap before
{Heap before GC invocations=1444 (full 880):
 garbage-first heap   total 171008K, used 50150K [0x00000000c0000000, 0x0000000100000000)
  region size 1024K, 1 young (1024K), 0 survivors (0K)
 Metaspace       used 64159K, committed 64704K, reserved 1114112K
  class space    used 7786K, committed 8000K, reserved 1048576K
}
Event: 18330.673 GC heap after
{Heap after GC invocations=1445 (full 881):
 garbage-first heap   total 171008K, used 50150K [0x00000000c0000000, 0x0000000100000000)
  region size 1024K, 0 young (0K), 0 survivors (0K)
 Metaspace       used 64159K, committed 64704K, reserved 1114112K
  class space    used 7786K, committed 8000K, reserved 1048576K
}
Event: 18340.806 GC heap before
{Heap before GC invocations=1445 (full 881):
 garbage-first heap   total 171008K, used 50150K [0x00000000c0000000, 0x0000000100000000)
  region size 1024K, 1 young (1024K), 0 survivors (0K)
 Metaspace       used 64159K, committed 64704K, reserved 1114112K
  class space    used 7786K, committed 8000K, reserved 1048576K
}
Event: 18340.844 GC heap after
{Heap after GC invocations=1446 (full 882):
 garbage-first heap   total 171008K, used 50150K [0x00000000c0000000, 0x0000000100000000)
  region size 1024K, 0 young (0K), 0 survivors (0K)
 Metaspace       used 64159K, committed 64704K, reserved 1114112K
  class space    used 7786K, committed 8000K, reserved 1048576K
}
Event: 18351.012 GC heap before
{Heap before GC invocations=1446 (full 882):
 garbage-first heap   total 171008K, used 50150K [0x00000000c0000000, 0x0000000100000000)
  region size 1024K, 1 young (1024K), 0 survivors (0K)
 Metaspace       used 64159K, committed 64704K, reserved 1114112K
  class space    used 7786K, committed 8000K, reserved 1048576K
}
Event: 18351.057 GC heap after
{Heap after GC invocations=1447 (full 883):
 garbage-first heap   total 171008K, used 50150K [0x00000000c0000000, 0x0000000100000000)
  region size 1024K, 0 young (0K), 0 survivors (0K)
 Metaspace       used 64159K, committed 64704K, reserved 1114112K
  class space    used 7786K, committed 8000K, reserved 1048576K
}
Event: 18361.206 GC heap before
{Heap before GC invocations=1447 (full 883):
 garbage-first heap   total 171008K, used 50150K [0x00000000c0000000, 0x0000000100000000)
  region size 1024K, 1 young (1024K), 0 survivors (0K)
 Metaspace       used 64159K, committed 64704K, reserved 1114112K
  class space    used 7786K, committed 8000K, reserved 1048576K
}
Event: 18361.246 GC heap after
{Heap after GC invocations=1448 (full 884):
 garbage-first heap   total 171008K, used 50150K [0x00000000c0000000, 0x0000000100000000)
  region size 1024K, 0 young (0K), 0 survivors (0K)
 Metaspace       used 64159K, committed 64704K, reserved 1114112K
  class space    used 7786K, committed 8000K, reserved 1048576K
}
Event: 18371.401 GC heap before
{Heap before GC invocations=1448 (full 884):
 garbage-first heap   total 171008K, used 50150K [0x00000000c0000000, 0x0000000100000000)
  region size 1024K, 1 young (1024K), 0 survivors (0K)
 Metaspace       used 64159K, committed 64704K, reserved 1114112K
  class space    used 7786K, committed 8000K, reserved 1048576K
}
Event: 18371.436 GC heap after
{Heap after GC invocations=1449 (full 885):
 garbage-first heap   total 171008K, used 50150K [0x00000000c0000000, 0x0000000100000000)
  region size 1024K, 0 young (0K), 0 survivors (0K)
 Metaspace       used 64159K, committed 64704K, reserved 1114112K
  class space    used 7786K, committed 8000K, reserved 1048576K
}
Event: 18381.596 GC heap before
{Heap before GC invocations=1449 (full 885):
 garbage-first heap   total 171008K, used 50150K [0x00000000c0000000, 0x0000000100000000)
  region size 1024K, 1 young (1024K), 0 survivors (0K)
 Metaspace       used 64159K, committed 64704K, reserved 1114112K
  class space    used 7786K, committed 8000K, reserved 1048576K
}
Event: 18381.642 GC heap after
{Heap after GC invocations=1450 (full 886):
 garbage-first heap   total 171008K, used 50150K [0x00000000c0000000, 0x0000000100000000)
  region size 1024K, 0 young (0K), 0 survivors (0K)
 Metaspace       used 64159K, committed 64704K, reserved 1114112K
  class space    used 7786K, committed 8000K, reserved 1048576K
}
Event: 18391.777 GC heap before
{Heap before GC invocations=1450 (full 886):
 garbage-first heap   total 171008K, used 50150K [0x00000000c0000000, 0x0000000100000000)
  region size 1024K, 1 young (1024K), 0 survivors (0K)
 Metaspace       used 64159K, committed 64704K, reserved 1114112K
  class space    used 7786K, committed 8000K, reserved 1048576K
}
Event: 18391.814 GC heap after
{Heap after GC invocations=1451 (full 887):
 garbage-first heap   total 171008K, used 50150K [0x00000000c0000000, 0x0000000100000000)
  region size 1024K, 0 young (0K), 0 survivors (0K)
 Metaspace       used 64159K, committed 64704K, reserved 1114112K
  class space    used 7786K, committed 8000K, reserved 1048576K
}

