# JRE version: OpenJDK Runtime Environment Temurin-17.0.9+9 (17.0.9+9) (build 17.0.9+9)
# Java VM: OpenJDK 64-Bit Server VM Temurin-17.0.9+9 (17.0.9+9, mixed mode, emulated-client, tiered, compressed oops, compressed class ptrs, g1 gc, windows-amd64)
GC Precious Log:
 CPUs: 8 total, 8 available
 Memory: 8071M
 Large Page Support: Disabled
 NUMA Support: Disabled
 Compressed Oops: Enabled (32-bit)
 Heap Region Size: 1M
 Heap Min Capacity: 8M
 Heap Initial Capacity: 128M
 Heap Max Capacity: 1G
 Pre-touch: Disabled
 Parallel Workers: 8
 Concurrent Workers: 2
 Concurrent Refinement Workers: 8
 Periodic GC: Disabled
Heap:
 garbage-first heap   total 96256K, used 28463K [0x00000000c0000000, 0x0000000100000000)
  region size 1024K, 1 young (1024K), 0 survivors (0K)
 Metaspace       used 61153K, committed 62080K, reserved 1114112K
  class space    used 7310K, committed 7680K, reserved 1048576K
GC Heap History (20 events):
Event: 13888.044 GC heap before
{Heap before GC invocations=1203 (full 1172):
 garbage-first heap   total 96256K, used 28463K [0x00000000c0000000, 0x0000000100000000)
  region size 1024K, 1 young (1024K), 0 survivors (0K)
 Metaspace       used 61153K, committed 62080K, reserved 1114112K
  class space    used 7310K, committed 7680K, reserved 1048576K
}
Event: 13888.075 GC heap after
{Heap after GC invocations=1204 (full 1173):
 garbage-first heap   total 96256K, used 28463K [0x00000000c0000000, 0x0000000100000000)
  region size 1024K, 0 young (0K), 0 survivors (0K)
 Metaspace       used 61153K, committed 62080K, reserved 1114112K
  class space    used 7310K, committed 7680K, reserved 1048576K
}
Event: 13898.219 GC heap before
{Heap before GC invocations=1204 (full 1173):
 garbage-first heap   total 96256K, used 28463K [0x00000000c0000000, 0x0000000100000000)
  region size 1024K, 1 young (1024K), 0 survivors (0K)
 Metaspace       used 61153K, committed 62080K, reserved 1114112K
  class space    used 7310K, committed 7680K, reserved 1048576K
}
Event: 13898.251 GC heap after
{Heap after GC invocations=1205 (full 1174):
 garbage-first heap   total 96256K, used 28463K [0x00000000c0000000, 0x0000000100000000)
  region size 1024K, 0 young (0K), 0 survivors (0K)
 Metaspace       used 61153K, committed 62080K, reserved 1114112K
  class space    used 7310K, committed 7680K, reserved 1048576K
}
Event: 13908.448 GC heap before
{Heap before GC invocations=1205 (full 1174):
 garbage-first heap   total 96256K, used 28463K [0x00000000c0000000, 0x0000000100000000)
  region size 1024K, 1 young (1024K), 0 survivors (0K)
 Metaspace       used 61153K, committed 62080K, reserved 1114112K
  class space    used 7310K, committed 7680K, reserved 1048576K
}
Event: 13908.481 GC heap after
{Heap after GC invocations=1206 (full 1175):
 garbage-first heap   total 96256K, used 28463K [0x00000000c0000000, 0x0000000100000000)
  region size 1024K, 0 young (0K), 0 survivors (0K)
 Metaspace       used 61153K, committed 62080K, reserved 1114112K
  class space    used 7310K, committed 7680K, reserved 1048576K
}
Event: 13918.638 GC heap before
{Heap before GC invocations=1206 (full 1175):
 garbage-first heap   total 96256K, used 28463K [0x00000000c0000000, 0x0000000100000000)
  region size 1024K, 1 young (1024K), 0 survivors (0K)
 Metaspace       used 61153K, committed 62080K, reserved 1114112K
  class space    used 7310K, committed 7680K, reserved 1048576K
}
Event: 13918.673 GC heap after
{Heap after GC invocations=1207 (full 1176):
 garbage-first heap   total 96256K, used 28463K [0x00000000c0000000, 0x0000000100000000)
  region size 1024K, 0 young (0K), 0 survivors (0K)
 Metaspace       used 61153K, committed 62080K, reserved 1114112K
  class space    used 7310K, committed 7680K, reserved 1048576K
}
Event: 13928.923 GC heap before
{Heap before GC invocations=1207 (full 1176):
 garbage-first heap   total 96256K, used 28463K [0x00000000c0000000, 0x0000000100000000)
  region size 1024K, 1 young (1024K), 0 survivors (0K)
 Metaspace       used 61153K, committed 62080K, reserved 1114112K
  class space    used 7310K, committed 7680K, reserved 1048576K
}
Event: 13928.964 GC heap after
{Heap after GC invocations=1208 (full 1177):
 garbage-first heap   total 96256K, used 28463K [0x00000000c0000000, 0x0000000100000000)
  region size 1024K, 0 young (0K), 0 survivors (0K)
 Metaspace       used 61153K, committed 62080K, reserved 1114112K
  class space    used 7310K, committed 7680K, reserved 1048576K
}
Event: 13939.112 GC heap before
{Heap before GC invocations=1208 (full 1177):
 garbage-first heap   total 96256K, used 28463K [0x00000000c0000000, 0x0000000100000000)
  region size 1024K, 1 young (1024K), 0 survivors (0K)
 Metaspace       used 61153K, committed 62080K, reserved 1114112K
  class space    used 7310K, committed 7680K, reserved 1048576K
}
Event: 13939.143 GC heap after
{Heap after GC invocations=1209 (full 1178):
 garbage-first heap   total 96256K, used 28463K [0x00000000c0000000, 0x0000000100000000)
  region size 1024K, 0 young (0K), 0 survivors (0K)
 Metaspace       used 61153K, committed 62080K, reserved 1114112K
  class space    used 7310K, committed 7680K, reserved 1048576K
}
Event: 13949.289 GC heap before
{Heap before GC invocations=1209 (full 1178):
 garbage-first heap   total 96256K, used 28463K [0x00000000c0000000, 0x0000000100000000)
  region size 1024K, 1 young (1024K), 0 survivors (0K)
 Metaspace       used 61153K, committed 62080K, reserved 1114112K
  class space    used 7310K, committed 7680K, reserved 1048576K
}
Event: 13949.321 GC heap after
{Heap after GC invocations=1210 (full 1179):
 garbage-first heap   total 96256K, used 28463K [0x00000000c0000000, 0x0000000100000000)
  region size 1024K, 0 young (0K), 0 survivors (0K)
 Metaspace       used 61153K, committed 62080K, reserved 1114112K
  class space    used 7310K, committed 7680K, reserved 1048576K
}
Event: 13959.466 GC heap before
{Heap before GC invocations=1210 (full 1179):
 garbage-first heap   total 96256K, used 28463K [0x00000000c0000000, 0x0000000100000000)
  region size 1024K, 1 young (1024K), 0 survivors (0K)
 Metaspace       used 61153K, committed 62080K, reserved 1114112K
  class space    used 7310K, committed 7680K, reserved 1048576K
}
Event: 13959.500 GC heap after
{Heap after GC invocations=1211 (full 1180):
 garbage-first heap   total 96256K, used 28463K [0x00000000c0000000, 0x0000000100000000)
  region size 1024K, 0 young (0K), 0 survivors (0K)
 Metaspace       used 61153K, committed 62080K, reserved 1114112K
  class space    used 7310K, committed 7680K, reserved 1048576K
}
Event: 13969.794 GC heap before
{Heap before GC invocations=1211 (full 1180):
 garbage-first heap   total 96256K, used 28463K [0x00000000c0000000, 0x0000000100000000)
  region size 1024K, 1 young (1024K), 0 survivors (0K)
 Metaspace       used 61153K, committed 62080K, reserved 1114112K
  class space    used 7310K, committed 7680K, reserved 1048576K
}
Event: 13969.823 GC heap after
{Heap after GC invocations=1212 (full 1181):
 garbage-first heap   total 96256K, used 28463K [0x00000000c0000000, 0x0000000100000000)
  region size 1024K, 0 young (0K), 0 survivors (0K)
 Metaspace       used 61153K, committed 62080K, reserved 1114112K
  class space    used 7310K, committed 7680K, reserved 1048576K
}
Event: 13980.055 GC heap before
{Heap before GC invocations=1212 (full 1181):
 garbage-first heap   total 96256K, used 28463K [0x00000000c0000000, 0x0000000100000000)
  region size 1024K, 1 young (1024K), 0 survivors (0K)
 Metaspace       used 61153K, committed 62080K, reserved 1114112K
  class space    used 7310K, committed 7680K, reserved 1048576K
}
Event: 13980.093 GC heap after
{Heap after GC invocations=1213 (full 1182):
 garbage-first heap   total 96256K, used 28463K [0x00000000c0000000, 0x0000000100000000)
  region size 1024K, 0 young (0K), 0 survivors (0K)
 Metaspace       used 61153K, committed 62080K, reserved 1114112K
  class space    used 7310K, committed 7680K, reserved 1048576K
}

