# JRE version: OpenJDK Runtime Environment Temurin-17.0.9+9 (17.0.9+9) (build 17.0.9+9)
# Java VM: OpenJDK 64-Bit Server VM Temurin-17.0.9+9 (17.0.9+9, mixed mode, emulated-client, tiered, compressed oops, compressed class ptrs, g1 gc, windows-amd64)
GC Precious Log:
 CPUs: 8 total, 8 available
 Memory: 8071M
 Large Page Support: Disabled
 NUMA Support: Disabled
 Compressed Oops: Enabled (32-bit)
 Heap Region Size: 1M
 Heap Min Capacity: 8M
 Heap Initial Capacity: 128M
 Heap Max Capacity: 2018M
 Pre-touch: Disabled
 Parallel Workers: 8
 Concurrent Workers: 2
 Concurrent Refinement Workers: 8
 Periodic GC: Disabled
Heap:
 garbage-first heap   total 58368K, used 29050K [0x0000000081e00000, 0x0000000100000000)
  region size 1024K, 3 young (3072K), 3 survivors (3072K)
 Metaspace       used 48734K, committed 49280K, reserved 1114112K
  class space    used 6444K, committed 6720K, reserved 1048576K
GC Heap History (20 events):
Event: 3.681 GC heap after
{Heap after GC invocations=5 (full 0):
 garbage-first heap   total 48128K, used 13721K [0x0000000081e00000, 0x0000000100000000)
  region size 1024K, 3 young (3072K), 3 survivors (3072K)
 Metaspace       used 26776K, committed 27136K, reserved 1114112K
  class space    used 3141K, committed 3328K, reserved 1048576K
}
Event: 4.799 GC heap before
{Heap before GC invocations=5 (full 0):
 garbage-first heap   total 48128K, used 31129K [0x0000000081e00000, 0x0000000100000000)
  region size 1024K, 21 young (21504K), 3 survivors (3072K)
 Metaspace       used 29795K, committed 30144K, reserved 1114112K
  class space    used 3600K, committed 3776K, reserved 1048576K
}
Event: 4.805 GC heap after
{Heap after GC invocations=6 (full 0):
 garbage-first heap   total 48128K, used 14628K [0x0000000081e00000, 0x0000000100000000)
  region size 1024K, 3 young (3072K), 3 survivors (3072K)
 Metaspace       used 29795K, committed 30144K, reserved 1114112K
  class space    used 3600K, committed 3776K, reserved 1048576K
}
Event: 5.099 GC heap before
{Heap before GC invocations=6 (full 0):
 garbage-first heap   total 48128K, used 32036K [0x0000000081e00000, 0x0000000100000000)
  region size 1024K, 21 young (21504K), 3 survivors (3072K)
 Metaspace       used 33020K, committed 33344K, reserved 1114112K
  class space    used 4135K, committed 4288K, reserved 1048576K
}
Event: 5.106 GC heap after
{Heap after GC invocations=7 (full 0):
 garbage-first heap   total 48128K, used 16372K [0x0000000081e00000, 0x0000000100000000)
  region size 1024K, 3 young (3072K), 3 survivors (3072K)
 Metaspace       used 33020K, committed 33344K, reserved 1114112K
  class space    used 4135K, committed 4288K, reserved 1048576K
}
Event: 5.429 GC heap before
{Heap before GC invocations=7 (full 0):
 garbage-first heap   total 48128K, used 32756K [0x0000000081e00000, 0x0000000100000000)
  region size 1024K, 20 young (20480K), 3 survivors (3072K)
 Metaspace       used 34679K, committed 34944K, reserved 1114112K
  class space    used 4317K, committed 4416K, reserved 1048576K
}
Event: 5.436 GC heap after
{Heap after GC invocations=8 (full 0):
 garbage-first heap   total 48128K, used 18767K [0x0000000081e00000, 0x0000000100000000)
  region size 1024K, 3 young (3072K), 3 survivors (3072K)
 Metaspace       used 34679K, committed 34944K, reserved 1114112K
  class space    used 4317K, committed 4416K, reserved 1048576K
}
Event: 5.701 GC heap before
{Heap before GC invocations=8 (full 0):
 garbage-first heap   total 48128K, used 34127K [0x0000000081e00000, 0x0000000100000000)
  region size 1024K, 18 young (18432K), 3 survivors (3072K)
 Metaspace       used 35434K, committed 35712K, reserved 1114112K
  class space    used 4432K, committed 4544K, reserved 1048576K
}
Event: 5.708 GC heap after
{Heap after GC invocations=9 (full 0):
 garbage-first heap   total 48128K, used 19918K [0x0000000081e00000, 0x0000000100000000)
  region size 1024K, 2 young (2048K), 2 survivors (2048K)
 Metaspace       used 35434K, committed 35712K, reserved 1114112K
  class space    used 4432K, committed 4544K, reserved 1048576K
}
Event: 5.919 GC heap before
{Heap before GC invocations=9 (full 0):
 garbage-first heap   total 48128K, used 33230K [0x0000000081e00000, 0x0000000100000000)
  region size 1024K, 16 young (16384K), 2 survivors (2048K)
 Metaspace       used 35870K, committed 36160K, reserved 1114112K
  class space    used 4504K, committed 4608K, reserved 1048576K
}
Event: 5.926 GC heap after
{Heap after GC invocations=10 (full 0):
 garbage-first heap   total 58368K, used 21012K [0x0000000081e00000, 0x0000000100000000)
  region size 1024K, 3 young (3072K), 3 survivors (3072K)
 Metaspace       used 35870K, committed 36160K, reserved 1114112K
  class space    used 4504K, committed 4608K, reserved 1048576K
}
Event: 6.340 GC heap before
{Heap before GC invocations=11 (full 0):
 garbage-first heap   total 58368K, used 42516K [0x0000000081e00000, 0x0000000100000000)
  region size 1024K, 24 young (24576K), 3 survivors (3072K)
 Metaspace       used 38478K, committed 38848K, reserved 1114112K
  class space    used 4886K, committed 5056K, reserved 1048576K
}
Event: 6.346 GC heap after
{Heap after GC invocations=12 (full 0):
 garbage-first heap   total 58368K, used 22507K [0x0000000081e00000, 0x0000000100000000)
  region size 1024K, 3 young (3072K), 3 survivors (3072K)
 Metaspace       used 38478K, committed 38848K, reserved 1114112K
  class space    used 4886K, committed 5056K, reserved 1048576K
}
Event: 6.750 GC heap before
{Heap before GC invocations=12 (full 0):
 garbage-first heap   total 58368K, used 44011K [0x0000000081e00000, 0x0000000100000000)
  region size 1024K, 24 young (24576K), 3 survivors (3072K)
 Metaspace       used 41078K, committed 41472K, reserved 1114112K
  class space    used 5384K, committed 5568K, reserved 1048576K
}
Event: 6.757 GC heap after
{Heap after GC invocations=13 (full 0):
 garbage-first heap   total 58368K, used 23850K [0x0000000081e00000, 0x0000000100000000)
  region size 1024K, 3 young (3072K), 3 survivors (3072K)
 Metaspace       used 41078K, committed 41472K, reserved 1114112K
  class space    used 5384K, committed 5568K, reserved 1048576K
}
Event: 7.153 GC heap before
{Heap before GC invocations=13 (full 0):
 garbage-first heap   total 58368K, used 45354K [0x0000000081e00000, 0x0000000100000000)
  region size 1024K, 24 young (24576K), 3 survivors (3072K)
 Metaspace       used 43682K, committed 44096K, reserved 1114112K
  class space    used 5780K, committed 6016K, reserved 1048576K
}
Event: 7.168 GC heap after
{Heap after GC invocations=14 (full 0):
 garbage-first heap   total 58368K, used 25381K [0x0000000081e00000, 0x0000000100000000)
  region size 1024K, 3 young (3072K), 3 survivors (3072K)
 Metaspace       used 43682K, committed 44096K, reserved 1114112K
  class space    used 5780K, committed 6016K, reserved 1048576K
}
Event: 7.644 GC heap before
{Heap before GC invocations=14 (full 0):
 garbage-first heap   total 58368K, used 44837K [0x0000000081e00000, 0x0000000100000000)
  region size 1024K, 22 young (22528K), 3 survivors (3072K)
 Metaspace       used 46637K, committed 47104K, reserved 1114112K
  class space    used 6161K, committed 6400K, reserved 1048576K
}
Event: 7.654 GC heap after
{Heap after GC invocations=15 (full 0):
 garbage-first heap   total 58368K, used 27104K [0x0000000081e00000, 0x0000000100000000)
  region size 1024K, 2 young (2048K), 2 survivors (2048K)
 Metaspace       used 46637K, committed 47104K, reserved 1114112K
  class space    used 6161K, committed 6400K, reserved 1048576K
}
Event: 8.001 GC heap before
{Heap before GC invocations=15 (full 0):
 garbage-first heap   total 58368K, used 44512K [0x0000000081e00000, 0x0000000100000000)
  region size 1024K, 20 young (20480K), 2 survivors (2048K)
 Metaspace       used 48734K, committed 49280K, reserved 1114112K
  class space    used 6444K, committed 6720K, reserved 1048576K
}

